2021-04-25 06:59:31,967 WARN org.springframework.boot.ImageBanner [restartedMain] Image banner not printable: class path resource [banner.txt] (class java.lang.IllegalStateException: 'Unable to read image banner source')
2021-04-25 06:59:32,031 INFO org.springframework.boot.StartupInfoLogger [restartedMain] Starting VoucherApplication using Java 1.8.0_282 on long-pc with PID 23403 (/home/long/Documents/long/NAB/backend/voucher/build/classes/java/main started by long in /home/long/Documents/long/NAB/backend/voucher)
2021-04-25 06:59:32,031 INFO org.springframework.boot.SpringApplication [restartedMain] The following profiles are active: local
2021-04-25 06:59:32,109 INFO org.springframework.boot.logging.DeferredLog [restartedMain] Devtools property defaults active! Set 'spring.devtools.add-properties' to 'false' to disable
2021-04-25 06:59:32,109 INFO org.springframework.boot.logging.DeferredLog [restartedMain] For additional web related logging consider setting the 'logging.level.web' property to 'DEBUG'
2021-04-25 06:59:32,802 INFO org.springframework.boot.web.embedded.tomcat.TomcatWebServer [restartedMain] Tomcat initialized with port(s): 8081 (http)
2021-04-25 06:59:32,808 INFO org.apache.juli.logging.DirectJDKLog [restartedMain] Initializing ProtocolHandler ["http-nio-8081"]
2021-04-25 06:59:32,809 INFO org.apache.juli.logging.DirectJDKLog [restartedMain] Starting service [Tomcat]
2021-04-25 06:59:32,809 INFO org.apache.juli.logging.DirectJDKLog [restartedMain] Starting Servlet engine: [Apache Tomcat/9.0.45]
2021-04-25 06:59:32,811 INFO org.apache.juli.logging.DirectJDKLog [restartedMain] Loaded Apache Tomcat Native library [1.2.23] using APR version [1.6.5].
2021-04-25 06:59:32,811 INFO org.apache.juli.logging.DirectJDKLog [restartedMain] APR capabilities: IPv6 [true], sendfile [true], accept filters [false], random [true].
2021-04-25 06:59:32,812 INFO org.apache.juli.logging.DirectJDKLog [restartedMain] APR/OpenSSL configuration: useAprConnector [false], useOpenSSL [true]
2021-04-25 06:59:32,815 INFO org.apache.juli.logging.DirectJDKLog [restartedMain] OpenSSL successfully initialized [OpenSSL 1.1.1f  31 Mar 2020]
2021-04-25 06:59:32,845 INFO org.apache.juli.logging.DirectJDKLog [restartedMain] Initializing Spring embedded WebApplicationContext
2021-04-25 06:59:32,846 INFO org.springframework.boot.web.servlet.context.ServletWebServerApplicationContext [restartedMain] Root WebApplicationContext: initialization completed in 736 ms
2021-04-25 06:59:32,985 INFO org.springframework.scheduling.concurrent.ExecutorConfigurationSupport [restartedMain] Initializing ExecutorService 'applicationTaskExecutor'
2021-04-25 06:59:33,135 INFO org.springframework.boot.devtools.autoconfigure.OptionalLiveReloadServer [restartedMain] LiveReload server is running on port 35729
2021-04-25 06:59:33,155 INFO org.apache.juli.logging.DirectJDKLog [restartedMain] Starting ProtocolHandler ["http-nio-8081"]
2021-04-25 06:59:33,166 INFO org.springframework.boot.web.embedded.tomcat.TomcatWebServer [restartedMain] Tomcat started on port(s): 8081 (http) with context path ''
2021-04-25 06:59:33,174 INFO org.springframework.boot.StartupInfoLogger [restartedMain] Started VoucherApplication in 1.555 seconds (JVM running for 3.039)
2021-04-25 07:00:04,503 INFO org.apache.juli.logging.DirectJDKLog [http-nio-8081-exec-2] Initializing Spring DispatcherServlet 'dispatcherServlet'
2021-04-25 07:00:04,504 INFO org.springframework.web.servlet.FrameworkServlet [http-nio-8081-exec-2] Initializing Servlet 'dispatcherServlet'
2021-04-25 07:00:04,505 INFO org.springframework.web.servlet.FrameworkServlet [http-nio-8081-exec-2] Completed initialization in 1 ms
2021-04-25 07:00:04,590 WARN org.springframework.web.servlet.handler.AbstractHandlerExceptionResolver [http-nio-8081-exec-2] Resolved [org.springframework.http.converter.HttpMessageNotReadableException: JSON parse error: Cannot deserialize value of type `abaca.com.voucher.constant.GSMType` from String "MOBIFONE1": not one of the values accepted for Enum class: [VINAPHONE, VIETTEL, MOBIFONE]; nested exception is com.fasterxml.jackson.databind.exc.InvalidFormatException: Cannot deserialize value of type `abaca.com.voucher.constant.GSMType` from String "MOBIFONE1": not one of the values accepted for Enum class: [VINAPHONE, VIETTEL, MOBIFONE]
 at [Source: (PushbackInputStream); line: 2, column: 16] (through reference chain: abaca.com.voucher.dto.PurchasePrepaidDataDTO["gsmType"])]
2021-04-25 07:00:06,237 WARN org.springframework.web.servlet.handler.AbstractHandlerExceptionResolver [http-nio-8081-exec-4] Resolved [org.springframework.http.converter.HttpMessageNotReadableException: JSON parse error: Cannot deserialize value of type `abaca.com.voucher.constant.GSMType` from String "MOBIFONE1": not one of the values accepted for Enum class: [VINAPHONE, VIETTEL, MOBIFONE]; nested exception is com.fasterxml.jackson.databind.exc.InvalidFormatException: Cannot deserialize value of type `abaca.com.voucher.constant.GSMType` from String "MOBIFONE1": not one of the values accepted for Enum class: [VINAPHONE, VIETTEL, MOBIFONE]
 at [Source: (PushbackInputStream); line: 2, column: 16] (through reference chain: abaca.com.voucher.dto.PurchasePrepaidDataDTO["gsmType"])]
2021-04-25 07:01:37,031 INFO org.springframework.scheduling.concurrent.ExecutorConfigurationSupport [SpringContextShutdownHook] Shutting down ExecutorService 'applicationTaskExecutor'
2021-04-25 07:01:40,649 WARN org.springframework.boot.ImageBanner [restartedMain] Image banner not printable: class path resource [banner.txt] (class java.lang.IllegalStateException: 'Unable to read image banner source')
2021-04-25 07:01:40,700 INFO org.springframework.boot.StartupInfoLogger [restartedMain] Starting VoucherApplication using Java 1.8.0_282 on long-pc with PID 23987 (/home/long/Documents/long/NAB/backend/voucher/build/classes/java/main started by long in /home/long/Documents/long/NAB/backend/voucher)
2021-04-25 07:01:40,700 INFO org.springframework.boot.SpringApplication [restartedMain] The following profiles are active: local
2021-04-25 07:01:40,738 INFO org.springframework.boot.logging.DeferredLog [restartedMain] Devtools property defaults active! Set 'spring.devtools.add-properties' to 'false' to disable
2021-04-25 07:01:40,738 INFO org.springframework.boot.logging.DeferredLog [restartedMain] For additional web related logging consider setting the 'logging.level.web' property to 'DEBUG'
2021-04-25 07:01:41,427 INFO org.springframework.boot.web.embedded.tomcat.TomcatWebServer [restartedMain] Tomcat initialized with port(s): 8081 (http)
2021-04-25 07:01:41,433 INFO org.apache.juli.logging.DirectJDKLog [restartedMain] Initializing ProtocolHandler ["http-nio-8081"]
2021-04-25 07:01:41,434 INFO org.apache.juli.logging.DirectJDKLog [restartedMain] Starting service [Tomcat]
2021-04-25 07:01:41,434 INFO org.apache.juli.logging.DirectJDKLog [restartedMain] Starting Servlet engine: [Apache Tomcat/9.0.45]
2021-04-25 07:01:41,436 INFO org.apache.juli.logging.DirectJDKLog [restartedMain] Loaded Apache Tomcat Native library [1.2.23] using APR version [1.6.5].
2021-04-25 07:01:41,436 INFO org.apache.juli.logging.DirectJDKLog [restartedMain] APR capabilities: IPv6 [true], sendfile [true], accept filters [false], random [true].
2021-04-25 07:01:41,436 INFO org.apache.juli.logging.DirectJDKLog [restartedMain] APR/OpenSSL configuration: useAprConnector [false], useOpenSSL [true]
2021-04-25 07:01:41,439 INFO org.apache.juli.logging.DirectJDKLog [restartedMain] OpenSSL successfully initialized [OpenSSL 1.1.1f  31 Mar 2020]
2021-04-25 07:01:41,465 INFO org.apache.juli.logging.DirectJDKLog [restartedMain] Initializing Spring embedded WebApplicationContext
2021-04-25 07:01:41,465 INFO org.springframework.boot.web.servlet.context.ServletWebServerApplicationContext [restartedMain] Root WebApplicationContext: initialization completed in 726 ms
2021-04-25 07:01:41,598 INFO org.springframework.scheduling.concurrent.ExecutorConfigurationSupport [restartedMain] Initializing ExecutorService 'applicationTaskExecutor'
2021-04-25 07:01:41,741 INFO org.springframework.boot.devtools.autoconfigure.OptionalLiveReloadServer [restartedMain] LiveReload server is running on port 35729
2021-04-25 07:01:41,752 INFO org.apache.juli.logging.DirectJDKLog [restartedMain] Starting ProtocolHandler ["http-nio-8081"]
2021-04-25 07:01:41,762 INFO org.springframework.boot.web.embedded.tomcat.TomcatWebServer [restartedMain] Tomcat started on port(s): 8081 (http) with context path ''
2021-04-25 07:01:41,770 INFO org.springframework.boot.StartupInfoLogger [restartedMain] Started VoucherApplication in 1.423 seconds (JVM running for 2.031)
2021-04-25 07:01:44,431 INFO org.apache.juli.logging.DirectJDKLog [http-nio-8081-exec-1] Initializing Spring DispatcherServlet 'dispatcherServlet'
2021-04-25 07:01:44,431 INFO org.springframework.web.servlet.FrameworkServlet [http-nio-8081-exec-1] Initializing Servlet 'dispatcherServlet'
2021-04-25 07:01:44,432 INFO org.springframework.web.servlet.FrameworkServlet [http-nio-8081-exec-1] Completed initialization in 1 ms
2021-04-25 07:20:50,052 INFO org.springframework.scheduling.concurrent.ExecutorConfigurationSupport [SpringContextShutdownHook] Shutting down ExecutorService 'applicationTaskExecutor'
2021-04-25 07:20:54,400 WARN org.springframework.boot.ImageBanner [restartedMain] Image banner not printable: class path resource [banner.txt] (class java.lang.IllegalStateException: 'Unable to read image banner source')
2021-04-25 07:20:54,470 INFO org.springframework.boot.StartupInfoLogger [restartedMain] Starting VoucherApplication using Java 1.8.0_282 on long-pc with PID 25635 (/home/long/Documents/long/NAB/backend/voucher/build/classes/java/main started by long in /home/long/Documents/long/NAB/backend/voucher)
2021-04-25 07:20:54,471 INFO org.springframework.boot.SpringApplication [restartedMain] The following profiles are active: local
2021-04-25 07:20:54,510 INFO org.springframework.boot.logging.DeferredLog [restartedMain] Devtools property defaults active! Set 'spring.devtools.add-properties' to 'false' to disable
2021-04-25 07:20:54,511 INFO org.springframework.boot.logging.DeferredLog [restartedMain] For additional web related logging consider setting the 'logging.level.web' property to 'DEBUG'
2021-04-25 07:20:55,254 INFO org.springframework.boot.web.embedded.tomcat.TomcatWebServer [restartedMain] Tomcat initialized with port(s): 8081 (http)
2021-04-25 07:20:55,261 INFO org.apache.juli.logging.DirectJDKLog [restartedMain] Initializing ProtocolHandler ["http-nio-8081"]
2021-04-25 07:20:55,262 INFO org.apache.juli.logging.DirectJDKLog [restartedMain] Starting service [Tomcat]
2021-04-25 07:20:55,262 INFO org.apache.juli.logging.DirectJDKLog [restartedMain] Starting Servlet engine: [Apache Tomcat/9.0.45]
2021-04-25 07:20:55,264 INFO org.apache.juli.logging.DirectJDKLog [restartedMain] Loaded Apache Tomcat Native library [1.2.23] using APR version [1.6.5].
2021-04-25 07:20:55,264 INFO org.apache.juli.logging.DirectJDKLog [restartedMain] APR capabilities: IPv6 [true], sendfile [true], accept filters [false], random [true].
2021-04-25 07:20:55,265 INFO org.apache.juli.logging.DirectJDKLog [restartedMain] APR/OpenSSL configuration: useAprConnector [false], useOpenSSL [true]
2021-04-25 07:20:55,267 INFO org.apache.juli.logging.DirectJDKLog [restartedMain] OpenSSL successfully initialized [OpenSSL 1.1.1f  31 Mar 2020]
2021-04-25 07:20:55,305 INFO org.apache.juli.logging.DirectJDKLog [restartedMain] Initializing Spring embedded WebApplicationContext
2021-04-25 07:20:55,305 INFO org.springframework.boot.web.servlet.context.ServletWebServerApplicationContext [restartedMain] Root WebApplicationContext: initialization completed in 793 ms
2021-04-25 07:20:55,504 INFO org.springframework.scheduling.concurrent.ExecutorConfigurationSupport [restartedMain] Initializing ExecutorService 'applicationTaskExecutor'
2021-04-25 07:20:55,728 INFO org.springframework.boot.devtools.autoconfigure.OptionalLiveReloadServer [restartedMain] LiveReload server is running on port 35729
2021-04-25 07:20:55,746 INFO org.apache.juli.logging.DirectJDKLog [restartedMain] Starting ProtocolHandler ["http-nio-8081"]
2021-04-25 07:20:55,764 INFO org.springframework.boot.web.embedded.tomcat.TomcatWebServer [restartedMain] Tomcat started on port(s): 8081 (http) with context path ''
2021-04-25 07:20:55,776 INFO org.springframework.boot.StartupInfoLogger [restartedMain] Started VoucherApplication in 1.743 seconds (JVM running for 2.36)
2021-04-25 07:21:04,312 INFO org.apache.juli.logging.DirectJDKLog [http-nio-8081-exec-2] Initializing Spring DispatcherServlet 'dispatcherServlet'
2021-04-25 07:21:04,312 INFO org.springframework.web.servlet.FrameworkServlet [http-nio-8081-exec-2] Initializing Servlet 'dispatcherServlet'
2021-04-25 07:21:04,313 INFO org.springframework.web.servlet.FrameworkServlet [http-nio-8081-exec-2] Completed initialization in 1 ms
2021-04-25 07:21:44,805 INFO org.springframework.scheduling.concurrent.ExecutorConfigurationSupport [SpringContextShutdownHook] Shutting down ExecutorService 'applicationTaskExecutor'
2021-04-25 07:39:56,752 WARN org.springframework.boot.ImageBanner [restartedMain] Image banner not printable: class path resource [banner.txt] (class java.lang.IllegalStateException: 'Unable to read image banner source')
2021-04-25 07:39:56,798 INFO org.springframework.boot.StartupInfoLogger [restartedMain] Starting VoucherApplication using Java 1.8.0_282 on long-pc with PID 27672 (/home/long/Documents/long/NAB/backend/voucher/build/classes/java/main started by long in /home/long/Documents/long/NAB/backend/voucher)
2021-04-25 07:39:56,798 INFO org.springframework.boot.SpringApplication [restartedMain] The following profiles are active: local
2021-04-25 07:39:56,833 INFO org.springframework.boot.logging.DeferredLog [restartedMain] Devtools property defaults active! Set 'spring.devtools.add-properties' to 'false' to disable
2021-04-25 07:39:56,833 INFO org.springframework.boot.logging.DeferredLog [restartedMain] For additional web related logging consider setting the 'logging.level.web' property to 'DEBUG'
2021-04-25 07:39:57,433 INFO org.springframework.boot.web.embedded.tomcat.TomcatWebServer [restartedMain] Tomcat initialized with port(s): 8081 (http)
2021-04-25 07:39:57,438 INFO org.apache.juli.logging.DirectJDKLog [restartedMain] Initializing ProtocolHandler ["http-nio-8081"]
2021-04-25 07:39:57,439 INFO org.apache.juli.logging.DirectJDKLog [restartedMain] Starting service [Tomcat]
2021-04-25 07:39:57,439 INFO org.apache.juli.logging.DirectJDKLog [restartedMain] Starting Servlet engine: [Apache Tomcat/9.0.45]
2021-04-25 07:39:57,441 INFO org.apache.juli.logging.DirectJDKLog [restartedMain] Loaded Apache Tomcat Native library [1.2.23] using APR version [1.6.5].
2021-04-25 07:39:57,441 INFO org.apache.juli.logging.DirectJDKLog [restartedMain] APR capabilities: IPv6 [true], sendfile [true], accept filters [false], random [true].
2021-04-25 07:39:57,441 INFO org.apache.juli.logging.DirectJDKLog [restartedMain] APR/OpenSSL configuration: useAprConnector [false], useOpenSSL [true]
2021-04-25 07:39:57,443 INFO org.apache.juli.logging.DirectJDKLog [restartedMain] OpenSSL successfully initialized [OpenSSL 1.1.1f  31 Mar 2020]
2021-04-25 07:39:57,467 INFO org.apache.juli.logging.DirectJDKLog [restartedMain] Initializing Spring embedded WebApplicationContext
2021-04-25 07:39:57,467 INFO org.springframework.boot.web.servlet.context.ServletWebServerApplicationContext [restartedMain] Root WebApplicationContext: initialization completed in 633 ms
2021-04-25 07:39:57,568 INFO org.springframework.scheduling.concurrent.ExecutorConfigurationSupport [restartedMain] Initializing ExecutorService 'applicationTaskExecutor'
2021-04-25 07:39:57,666 INFO org.springframework.boot.devtools.autoconfigure.OptionalLiveReloadServer [restartedMain] LiveReload server is running on port 35729
2021-04-25 07:39:57,678 INFO org.apache.juli.logging.DirectJDKLog [restartedMain] Starting ProtocolHandler ["http-nio-8081"]
2021-04-25 07:39:57,687 INFO org.springframework.boot.web.embedded.tomcat.TomcatWebServer [restartedMain] Tomcat started on port(s): 8081 (http) with context path ''
2021-04-25 07:39:57,695 INFO org.springframework.boot.StartupInfoLogger [restartedMain] Started VoucherApplication in 1.45 seconds (JVM running for 1.894)
2021-04-25 07:40:07,399 INFO org.apache.juli.logging.DirectJDKLog [http-nio-8081-exec-1] Initializing Spring DispatcherServlet 'dispatcherServlet'
2021-04-25 07:40:07,399 INFO org.springframework.web.servlet.FrameworkServlet [http-nio-8081-exec-1] Initializing Servlet 'dispatcherServlet'
2021-04-25 07:40:07,400 INFO org.springframework.web.servlet.FrameworkServlet [http-nio-8081-exec-1] Completed initialization in 1 ms
2021-04-25 07:41:24,674 INFO org.springframework.scheduling.concurrent.ExecutorConfigurationSupport [SpringContextShutdownHook] Shutting down ExecutorService 'applicationTaskExecutor'
2021-04-25 07:41:30,848 WARN org.springframework.boot.ImageBanner [restartedMain] Image banner not printable: class path resource [banner.txt] (class java.lang.IllegalStateException: 'Unable to read image banner source')
2021-04-25 07:41:30,890 INFO org.springframework.boot.StartupInfoLogger [restartedMain] Starting VoucherApplication using Java 1.8.0_282 on long-pc with PID 27910 (/home/long/Documents/long/NAB/backend/voucher/build/classes/java/main started by long in /home/long/Documents/long/NAB/backend/voucher)
2021-04-25 07:41:30,891 INFO org.springframework.boot.SpringApplication [restartedMain] The following profiles are active: local
2021-04-25 07:41:30,919 INFO org.springframework.boot.logging.DeferredLog [restartedMain] Devtools property defaults active! Set 'spring.devtools.add-properties' to 'false' to disable
2021-04-25 07:41:30,919 INFO org.springframework.boot.logging.DeferredLog [restartedMain] For additional web related logging consider setting the 'logging.level.web' property to 'DEBUG'
2021-04-25 07:41:31,435 INFO org.springframework.boot.web.embedded.tomcat.TomcatWebServer [restartedMain] Tomcat initialized with port(s): 8081 (http)
2021-04-25 07:41:31,439 INFO org.apache.juli.logging.DirectJDKLog [restartedMain] Initializing ProtocolHandler ["http-nio-8081"]
2021-04-25 07:41:31,439 INFO org.apache.juli.logging.DirectJDKLog [restartedMain] Starting service [Tomcat]
2021-04-25 07:41:31,439 INFO org.apache.juli.logging.DirectJDKLog [restartedMain] Starting Servlet engine: [Apache Tomcat/9.0.45]
2021-04-25 07:41:31,441 INFO org.apache.juli.logging.DirectJDKLog [restartedMain] Loaded Apache Tomcat Native library [1.2.23] using APR version [1.6.5].
2021-04-25 07:41:31,441 INFO org.apache.juli.logging.DirectJDKLog [restartedMain] APR capabilities: IPv6 [true], sendfile [true], accept filters [false], random [true].
2021-04-25 07:41:31,441 INFO org.apache.juli.logging.DirectJDKLog [restartedMain] APR/OpenSSL configuration: useAprConnector [false], useOpenSSL [true]
2021-04-25 07:41:31,443 INFO org.apache.juli.logging.DirectJDKLog [restartedMain] OpenSSL successfully initialized [OpenSSL 1.1.1f  31 Mar 2020]
2021-04-25 07:41:31,464 INFO org.apache.juli.logging.DirectJDKLog [restartedMain] Initializing Spring embedded WebApplicationContext
2021-04-25 07:41:31,465 INFO org.springframework.boot.web.servlet.context.ServletWebServerApplicationContext [restartedMain] Root WebApplicationContext: initialization completed in 545 ms
2021-04-25 07:41:31,564 INFO org.springframework.scheduling.concurrent.ExecutorConfigurationSupport [restartedMain] Initializing ExecutorService 'applicationTaskExecutor'
2021-04-25 07:41:31,646 INFO org.springframework.boot.devtools.autoconfigure.OptionalLiveReloadServer [restartedMain] LiveReload server is running on port 35729
2021-04-25 07:41:31,658 INFO org.apache.juli.logging.DirectJDKLog [restartedMain] Starting ProtocolHandler ["http-nio-8081"]
2021-04-25 07:41:31,668 INFO org.springframework.boot.web.embedded.tomcat.TomcatWebServer [restartedMain] Tomcat started on port(s): 8081 (http) with context path ''
2021-04-25 07:41:31,678 INFO org.springframework.boot.StartupInfoLogger [restartedMain] Started VoucherApplication in 1.092 seconds (JVM running for 1.475)
2021-04-25 07:41:35,219 INFO org.apache.juli.logging.DirectJDKLog [http-nio-8081-exec-2] Initializing Spring DispatcherServlet 'dispatcherServlet'
2021-04-25 07:41:35,219 INFO org.springframework.web.servlet.FrameworkServlet [http-nio-8081-exec-2] Initializing Servlet 'dispatcherServlet'
2021-04-25 07:41:35,220 INFO org.springframework.web.servlet.FrameworkServlet [http-nio-8081-exec-2] Completed initialization in 1 ms
2021-04-25 08:16:36,033 INFO org.springframework.scheduling.concurrent.ExecutorConfigurationSupport [SpringContextShutdownHook] Shutting down ExecutorService 'applicationTaskExecutor'
2021-04-25 08:17:03,283 WARN org.springframework.boot.ImageBanner [restartedMain] Image banner not printable: class path resource [banner.txt] (class java.lang.IllegalStateException: 'Unable to read image banner source')
2021-04-25 08:17:03,361 INFO org.springframework.boot.StartupInfoLogger [restartedMain] Starting VoucherApplication using Java 1.8.0_282 on long-pc with PID 30268 (/home/long/Documents/long/NAB/backend/voucher/build/classes/java/main started by long in /home/long/Documents/long/NAB/backend/voucher)
2021-04-25 08:17:03,362 INFO org.springframework.boot.SpringApplication [restartedMain] The following profiles are active: local
2021-04-25 08:17:03,403 INFO org.springframework.boot.logging.DeferredLog [restartedMain] Devtools property defaults active! Set 'spring.devtools.add-properties' to 'false' to disable
2021-04-25 08:17:03,403 INFO org.springframework.boot.logging.DeferredLog [restartedMain] For additional web related logging consider setting the 'logging.level.web' property to 'DEBUG'
2021-04-25 08:17:04,436 INFO org.springframework.boot.web.embedded.tomcat.TomcatWebServer [restartedMain] Tomcat initialized with port(s): 8081 (http)
2021-04-25 08:17:04,443 INFO org.apache.juli.logging.DirectJDKLog [restartedMain] Initializing ProtocolHandler ["http-nio-8081"]
2021-04-25 08:17:04,444 INFO org.apache.juli.logging.DirectJDKLog [restartedMain] Starting service [Tomcat]
2021-04-25 08:17:04,444 INFO org.apache.juli.logging.DirectJDKLog [restartedMain] Starting Servlet engine: [Apache Tomcat/9.0.45]
2021-04-25 08:17:04,446 INFO org.apache.juli.logging.DirectJDKLog [restartedMain] Loaded Apache Tomcat Native library [1.2.23] using APR version [1.6.5].
2021-04-25 08:17:04,447 INFO org.apache.juli.logging.DirectJDKLog [restartedMain] APR capabilities: IPv6 [true], sendfile [true], accept filters [false], random [true].
2021-04-25 08:17:04,447 INFO org.apache.juli.logging.DirectJDKLog [restartedMain] APR/OpenSSL configuration: useAprConnector [false], useOpenSSL [true]
2021-04-25 08:17:04,450 INFO org.apache.juli.logging.DirectJDKLog [restartedMain] OpenSSL successfully initialized [OpenSSL 1.1.1f  31 Mar 2020]
2021-04-25 08:17:04,520 INFO org.apache.juli.logging.DirectJDKLog [restartedMain] Initializing Spring embedded WebApplicationContext
2021-04-25 08:17:04,521 INFO org.springframework.boot.web.servlet.context.ServletWebServerApplicationContext [restartedMain] Root WebApplicationContext: initialization completed in 1117 ms
2021-04-25 08:17:04,799 INFO org.springframework.scheduling.concurrent.ExecutorConfigurationSupport [restartedMain] Initializing ExecutorService 'applicationTaskExecutor'
2021-04-25 08:17:05,010 INFO org.springframework.boot.devtools.autoconfigure.OptionalLiveReloadServer [restartedMain] LiveReload server is running on port 35729
2021-04-25 08:17:05,028 INFO org.apache.juli.logging.DirectJDKLog [restartedMain] Starting ProtocolHandler ["http-nio-8081"]
2021-04-25 08:17:05,039 INFO org.springframework.boot.web.embedded.tomcat.TomcatWebServer [restartedMain] Tomcat started on port(s): 8081 (http) with context path ''
2021-04-25 08:17:05,049 INFO org.springframework.boot.StartupInfoLogger [restartedMain] Started VoucherApplication in 2.435 seconds (JVM running for 3.114)
2021-04-25 08:17:14,887 INFO org.apache.juli.logging.DirectJDKLog [http-nio-8081-exec-1] Initializing Spring DispatcherServlet 'dispatcherServlet'
2021-04-25 08:17:14,888 INFO org.springframework.web.servlet.FrameworkServlet [http-nio-8081-exec-1] Initializing Servlet 'dispatcherServlet'
2021-04-25 08:17:14,888 INFO org.springframework.web.servlet.FrameworkServlet [http-nio-8081-exec-1] Completed initialization in 0 ms
2021-04-25 08:18:58,610 INFO org.springframework.scheduling.concurrent.ExecutorConfigurationSupport [SpringContextShutdownHook] Shutting down ExecutorService 'applicationTaskExecutor'
2021-04-25 08:19:01,554 WARN org.springframework.boot.ImageBanner [restartedMain] Image banner not printable: class path resource [banner.txt] (class java.lang.IllegalStateException: 'Unable to read image banner source')
2021-04-25 08:19:01,584 INFO org.springframework.boot.StartupInfoLogger [restartedMain] Starting VoucherApplication using Java 1.8.0_282 on long-pc with PID 30509 (/home/long/Documents/long/NAB/backend/voucher/build/classes/java/main started by long in /home/long/Documents/long/NAB/backend/voucher)
2021-04-25 08:19:01,584 INFO org.springframework.boot.SpringApplication [restartedMain] The following profiles are active: local
2021-04-25 08:19:01,614 INFO org.springframework.boot.logging.DeferredLog [restartedMain] Devtools property defaults active! Set 'spring.devtools.add-properties' to 'false' to disable
2021-04-25 08:19:01,614 INFO org.springframework.boot.logging.DeferredLog [restartedMain] For additional web related logging consider setting the 'logging.level.web' property to 'DEBUG'
2021-04-25 08:19:02,226 INFO org.springframework.boot.web.embedded.tomcat.TomcatWebServer [restartedMain] Tomcat initialized with port(s): 8081 (http)
2021-04-25 08:19:02,231 INFO org.apache.juli.logging.DirectJDKLog [restartedMain] Initializing ProtocolHandler ["http-nio-8081"]
2021-04-25 08:19:02,232 INFO org.apache.juli.logging.DirectJDKLog [restartedMain] Starting service [Tomcat]
2021-04-25 08:19:02,232 INFO org.apache.juli.logging.DirectJDKLog [restartedMain] Starting Servlet engine: [Apache Tomcat/9.0.45]
2021-04-25 08:19:02,233 INFO org.apache.juli.logging.DirectJDKLog [restartedMain] Loaded Apache Tomcat Native library [1.2.23] using APR version [1.6.5].
2021-04-25 08:19:02,233 INFO org.apache.juli.logging.DirectJDKLog [restartedMain] APR capabilities: IPv6 [true], sendfile [true], accept filters [false], random [true].
2021-04-25 08:19:02,233 INFO org.apache.juli.logging.DirectJDKLog [restartedMain] APR/OpenSSL configuration: useAprConnector [false], useOpenSSL [true]
2021-04-25 08:19:02,237 INFO org.apache.juli.logging.DirectJDKLog [restartedMain] OpenSSL successfully initialized [OpenSSL 1.1.1f  31 Mar 2020]
2021-04-25 08:19:02,260 INFO org.apache.juli.logging.DirectJDKLog [restartedMain] Initializing Spring embedded WebApplicationContext
2021-04-25 08:19:02,260 INFO org.springframework.boot.web.servlet.context.ServletWebServerApplicationContext [restartedMain] Root WebApplicationContext: initialization completed in 645 ms
2021-04-25 08:19:02,434 INFO org.springframework.scheduling.concurrent.ExecutorConfigurationSupport [restartedMain] Initializing ExecutorService 'applicationTaskExecutor'
2021-04-25 08:19:02,596 INFO org.springframework.boot.devtools.autoconfigure.OptionalLiveReloadServer [restartedMain] LiveReload server is running on port 35729
2021-04-25 08:19:02,608 INFO org.apache.juli.logging.DirectJDKLog [restartedMain] Starting ProtocolHandler ["http-nio-8081"]
2021-04-25 08:19:02,615 INFO org.springframework.boot.web.embedded.tomcat.TomcatWebServer [restartedMain] Tomcat started on port(s): 8081 (http) with context path ''
2021-04-25 08:19:02,622 INFO org.springframework.boot.StartupInfoLogger [restartedMain] Started VoucherApplication in 1.306 seconds (JVM running for 1.619)
2021-04-25 08:19:06,149 INFO org.apache.juli.logging.DirectJDKLog [http-nio-8081-exec-2] Initializing Spring DispatcherServlet 'dispatcherServlet'
2021-04-25 08:19:06,150 INFO org.springframework.web.servlet.FrameworkServlet [http-nio-8081-exec-2] Initializing Servlet 'dispatcherServlet'
2021-04-25 08:19:06,150 INFO org.springframework.web.servlet.FrameworkServlet [http-nio-8081-exec-2] Completed initialization in 0 ms
2021-04-25 08:19:06,207 INFO abaca.com.voucher.interceptor.AccessCheckAspect [http-nio-8081-exec-2] Check token is @abaca.com.voucher.annotation.AccessCheck(accessType=PUBLIC)
2021-04-25 08:19:44,772 INFO abaca.com.voucher.interceptor.AccessCheckAspect [http-nio-8081-exec-3] Check token is @abaca.com.voucher.annotation.AccessCheck(accessType=PUBLIC)
